[19:08:09] [0] - /ahelp
[19:08:11] [0] - /help
[19:31:06] [0] - /ahelp
[19:31:11] [0] - /ajelszo
[20:03:18] [0] - /wp
[20:03:37] [0] - /wp
[20:03:43] [0] - /set
[20:03:46] [0] - /set skin
[20:03:50] [0] - /set skin 0 233
[20:03:52] [0] - /set skin 0 235
[20:03:55] [0] - /set skin 0 234
[20:03:56] [0] - /set skin 0 236
[20:03:59] [0] - /set skin 0 255
[20:20:28] [0] - /adminad
[20:20:29] [0] - /giveadmin
[20:20:31] [0] - /admin
[20:20:33] [0] - /set admin
[20:20:36] [0] - /set admin 0 2
[20:20:38] [0] - /set
[20:21:22] [0] - /set skin 0 16
[20:21:24] [0] - /set skin 0 14
[20:21:25] [0] - /set skin 0 145
[20:21:31] [0] - /set skin 0 149
[20:21:32] [0] - /set skin 0 147
[20:21:45] [0] - /ahelp
[20:21:51] [0] - /wp
[20:22:14] [0] - /biz
[20:22:19] [0] - /ceg
[20:22:21] [0] - /ceg uj
[20:22:28] [0] - /ceg uj asd 120
[20:22:33] [0] - /ceg lista
[20:22:50] [0] - /ceg uj
[20:22:55] [0] - /ceg uj Sziasztok 123
[20:22:57] [0] - /ceg uj Sziasztok 123 123
[20:22:59] [0] - /ceg uj Sziasztok 123 43000
[20:23:04] [0] - /ceg
[20:23:07] [0] - /ceg tipus
[20:23:12] [0] - /ceg tipus 11
[20:23:13] [0] - /ceg tipus 11 1
[20:23:15] [0] - /ceg tipus 11 0
[20:23:15] [0] - /ceg tipus 11 2
[20:23:16] [0] - /ceg tipus 11 3
[20:23:17] [0] - /ceg tipus 11 6
[20:23:18] [0] - /ceg tipus 11 120
[20:23:20] [0] - /ceg tipus 11 30
[20:23:24] [0] - /ceg tipus 11 120
[20:23:25] [0] - /ceg tipus 11 30
[20:23:27] [0] - /ceg tipus 11 34
[20:23:29] [0] - /ceg tipus 11 13
[20:24:33] [0] - /set hp 0 120
[20:24:38] [0] - /set hp 0 20
[20:24:40] [0] - /set hp 0 200
[20:24:44] [0] - /set hp 0 101
[20:25:39] [0] - /car
[20:25:41] [0] - /kocsi
[20:25:42] [0] - /givecar
[20:25:44] [0] - /givekocsi
[20:25:45] [0] - /getkocsi
[20:25:47] [0] - /ujkocsi
[20:25:50] [0] - /ujkocsi 411 120
[20:25:54] [0] - /ujkocsi 411 120
[20:26:01] [0] - /aduty
[20:26:02] [0] - /aduty
[20:40:10] [0] - /stats
[22:19:15] [0] - /apw
[22:19:31] [0] - /set nev
[22:19:38] [0] - /setnev
[22:19:40] [0] - /changename
[22:19:42] [0] - /nevvaltas
[22:19:47] [0] - /nevvaltas Frank_Carter
[22:20:35] [0] - /nevvaltas John_Monk
[22:20:41] [0]John_Monk - /nevvaltas Frank_Carter
[22:20:55] [0]Frank_Carter - /getcar
[22:20:58] [0]Frank_Carter - /v
[22:21:06] [0]Frank_Carter - /ujkocsi
[22:21:10] [0]Frank_Carter - /ujkocsi 411 43000
[22:21:14] [0]Frank_Carter - /set
[22:21:16] [0]Frank_Carter - /set kp
[22:21:21] [0]Frank_Carter - /set kp 0 15000 +
[22:21:24] [0]Frank_Carter - /v
[22:21:27] [0]Frank_Carter - /v vesz
[22:21:30] [0]Frank_Carter - /motor
[22:25:52] [0] - /fixú
[22:25:54] [0] - /fix
[22:25:56] [0] - /fixcar
[22:25:57] [0] - /v
[22:25:59] [0] - /v fix
[22:26:28] [0] - /motor
[22:26:31] [0] - /v alefolal
[22:26:34] [0] - /v alefoglal
[23:07:16] [0] - /nevvaltas
[23:07:20] [0] - /nevvaltas Joseph_Fasz
[23:45:24] [0] - /nevem
[23:45:32] [0] - /mianevem
[23:45:38] [0] - /stats
