[00:33:32] [0]Frank_Carter - /fk
[00:33:34] [0]Frank_Carter - /fk uj
[00:37:14] [0]Frank_Carter - /fk
[00:37:16] [0]Frank_Carter - /fk uj
[00:37:21] [0]Frank_Carter - /fk uj 1 Asd
[00:45:26] [0]Frank_Carter - /fk
[00:45:27] [0]Frank_Carter - /fk lista
[00:45:46] [0]Frank_Carter - /fk lista
[00:46:35] [0]Frank_Carter - /veh blista
[00:46:42] [0]Frank_Carter - /motor
[00:46:44] [0]Frank_Carter - /v lampa
[00:46:49] [0]Frank_Carter - /v
[00:46:53] [0]Frank_Carter - /v szin
[00:46:54] [0]Frank_Carter - /v szin 3 3
[00:46:57] [0]Frank_Carter - /v szin 1 3
[00:46:59] [0]Frank_Carter - /v szin 1 5
[00:47:00] [0]Frank_Carter - /v szin 1 6
[00:47:02] [0]Frank_Carter - /v szin 1 7
[00:47:04] [0]Frank_Carter - /v szin 7 1
[00:47:07] [0]Frank_Carter - /v tuning
[00:48:48] [0]Frank_Carter - /v
[00:48:54] [0]Frank_Carter - /v atuning
[00:48:57] [0]Frank_Carter - /v atuning
[00:48:58] [0]Frank_Carter - /v atuning
[00:49:00] [0]Frank_Carter - /v atuning
[00:49:02] [0]Frank_Carter - /v atuning
[00:49:04] [0]Frank_Carter - /v atuning
[00:49:06] [0]Frank_Carter - /v atuning
[00:49:09] [0]Frank_Carter - /v atuning
[00:49:11] [0]Frank_Carter - /v atuning
[00:49:13] [0]Frank_Carter - /v atuning
[00:49:15] [0]Frank_Carter - /v atuning
[00:49:18] [0]Frank_Carter - /v atuning
[00:49:21] [0]Frank_Carter - /v atuning
[00:49:25] [0]Frank_Carter - /v atuning
