[13:18:38] [0]Frank_Carter - /gps
[13:18:40] [0]Frank_Carter - /gps listas
[13:19:06] [0]Frank_Carter - /gps listas
[13:20:52] [0]Frank_Carter - /gps
[13:20:53] [0]Frank_Carter - /gps lista
[13:20:57] [0]Frank_Carter - /gps lista
[13:21:01] [0]Frank_Carter - /gps lista
[13:21:04] [0]Frank_Carter - /gps lista
[13:23:48] [0]Frank_Carter - /gps lista
[13:23:52] [0]Frank_Carter - /gps lista
[13:28:19] [0]Frank_Carter - /gps lista
[13:28:21] [0]Frank_Carter - /gps lista
[13:28:25] [0]Frank_Carter - /gps lista
[13:30:45] [0]Frank_Carter - /fly
[13:30:47] [0]Frank_Carter - /fly
[13:30:48] [0]Frank_Carter - /aduty
[13:30:51] [0]Frank_Carter - /vhspawn
[13:30:51] [0]Frank_Carter - /vhspawn 0
[13:30:53] [0]Frank_Carter - /vhspawn 0
[13:30:56] [0]Frank_Carter - /fly
[13:31:02] [0]Frank_Carter - /fly
[13:31:04] [0]Frank_Carter - /savepos vhspawn
[13:32:04] [0]Frank_Carter - /fly
[13:32:11] [0]Frank_Carter - /fly
[13:32:15] [0]Frank_Carter - /ajto nyit
[13:32:17] [0]Frank_Carter - /ajto zár
[13:34:09] [0]Frank_Carter - /munka
[13:34:10] [0]Frank_Carter - /munka felvesz
[13:34:12] [0]Frank_Carter - /munka felvesz
[13:37:26] [0]Frank_Carter - /munka
[13:37:28] [0]Frank_Carter - /munka felmond
[13:37:29] [0]Frank_Carter - /munka
[13:37:30] [0]Frank_Carter - /munka felve
[13:37:32] [0]Frank_Carter - /munka felvesz
[13:37:34] [0]Frank_Carter - /munka felvesz
[13:37:39] [0]Frank_Carter - /stats
[13:41:24] [0]Frank_Carter - /vhspawn
[13:41:25] [0]Frank_Carter - /vhspawn 0
[13:41:26] [0]Frank_Carter - /vhspawn 0
[13:41:29] [0]Frank_Carter - /jail
[13:41:37] [0]Frank_Carter - /jail 0 null 0 bug
[13:41:38] [0]Frank_Carter - /jail 0 null 0 bug
[13:41:42] [0]Frank_Carter - /vhspawn 0
[13:41:58] [0]Frank_Carter - /fly
[13:43:04] [0]Frank_Carter - /fly
[13:43:07] [0]Frank_Carter - /ajto
[13:43:08] [0]Frank_Carter - /ajto goto
[13:43:09] [0]Frank_Carter - /ajto goto 1
[13:43:11] [0]Frank_Carter - /ajto goto be
[13:43:11] [0]Frank_Carter - /ajto goto be 1
[13:43:13] [0]Frank_Carter - /ajto goto be 2
[13:43:14] [0]Frank_Carter - /ajto goto be 3
[13:43:24] [0]Frank_Carter - /munka
[13:43:26] [0]Frank_Carter - /munka felmond
[13:43:28] [0]Frank_Carter - /munka felvesz
[13:43:30] [0]Frank_Carter - /munka felvesz
[13:48:49] [0]Frank_Carter - /munka
[13:48:50] [0]Frank_Carter - /munka felvesz
[13:48:52] [0]Frank_Carter - /munka felvesz
[13:51:54] [0]Frank_Carter - /vhspawn
[13:51:56] [0]Frank_Carter - /vhspawn 0
[13:51:57] [0]Frank_Carter - /vhspawn 0
[13:52:01] [0]Frank_Carter - /jail
[13:52:05] [0]Frank_Carter - /jail 0 null 0 a
[13:52:06] [0]Frank_Carter - /jail 0 null 0 a
[13:52:08] [0]Frank_Carter - /vhspawn 0
[13:52:24] [0]Frank_Carter - /goto
[13:52:28] [0]Frank_Carter - /ajto goto 1
[13:52:29] [0]Frank_Carter - /ajto goto be 3
[13:52:37] [0]Frank_Carter - /ajto goto be 3
[13:52:38] [0]Frank_Carter - /ajto goto be 3
[13:52:42] [0]Frank_Carter - /jail 0 null 0 a
[13:52:43] [0]Frank_Carter - /jail 0 null 0 a
[13:52:44] [0]Frank_Carter - /ajto goto be 3
[13:52:54] [0]Frank_Carter - /munka
[13:52:56] [0]Frank_Carter - /munka felvesz
[13:52:58] [0]Frank_Carter - /munka felvesz
