[01:22:22] [0]Frank_Carter - /veh 411
[01:22:30] [0]Frank_Carter - /motor
[13:54:55] [0]Frank_Carter - /gps
[13:54:56] [0]Frank_Carter - /gps lista
[14:02:32] [0]Frank_Carter - /kaja
[14:02:35] [0]Frank_Carter - /kaja
[14:02:43] [0]Frank_Carter - /gps
[14:02:44] [0]Frank_Carter - /gps lista
[14:02:46] [0]Frank_Carter - /gps lista
[14:02:48] [0]Frank_Carter - /gps lista
[14:03:10] [0]Frank_Carter - /gps lista
[14:03:12] [0]Frank_Carter - /gps lista
[14:03:17] [0]Frank_Carter - /gps lista
[14:03:43] [0]Frank_Carter - /gps lista
[14:07:54] [0]Frank_Carter - /gps
[14:07:55] [0]Frank_Carter - /gps lista
[14:07:57] [0]Frank_Carter - /gps lista
[14:07:58] [0]Frank_Carter - /gps lista
[14:09:04] [0]Frank_Carter - /gps
[14:09:06] [0]Frank_Carter - /gps lista
[14:09:08] [0]Frank_Carter - /gps lista
[14:09:11] [0]Frank_Carter - /gps lista
[14:09:49] [0]Frank_Carter - /gps
[14:09:51] [0]Frank_Carter - /gps csinál
[14:09:53] [0]Frank_Carter - /gps létrehoz
[14:09:55] [0]Frank_Carter - /gps csinál
[14:09:57] [0]Frank_Carter - /ahelp
[14:10:08] [0]Frank_Carter - /gpscsin
[14:10:12] [0]Frank_Carter - /gpscsin legjobbpozi
[14:10:14] [0]Frank_Carter - /gps
[14:10:16] [0]Frank_Carter - /gps lista
[14:10:20] [0]Frank_Carter - /gps lista
[14:10:21] [0]Frank_Carter - /gps lista
[14:10:22] [0]Frank_Carter - /gps lista
[14:10:23] [0]Frank_Carter - /gps lista
[14:10:40] [0]Frank_Carter - /gps lista
[22:54:18] [0]Frank_Carter - /vhspawn 0
[22:54:18] [0]Frank_Carter - /vhspawn 0
[22:54:23] [0]Frank_Carter - /jail 0 null 0 bug
[22:54:24] [0]Frank_Carter - /jail 0 null 0 bug
[22:54:26] [0]Frank_Carter - /vhspawn 0
[22:54:28] [0]Frank_Carter - /gps listas
[22:54:32] [0]Frank_Carter - /gps listas
[22:54:35] [0]Frank_Carter - /gps
[22:54:38] [0]Frank_Carter - /gps hozzaad
[22:55:35] [0]Frank_Carter - /gps hozzaad
[22:55:37] [0]Frank_Carter - /gps listas
[22:56:22] [0]Frank_Carter - /jail 0 null 0 bug
[22:56:22] [0]Frank_Carter - /jail 0 null 0 bug
[22:56:25] [0]Frank_Carter - /gps
[22:56:55] [0]Frank_Carter - /ahelp
[22:56:58] [0]Frank_Carter - /gpscsin
[22:57:04] [0]Frank_Carter - /gpscsin tesztdzsipiesz
[22:57:06] [0]Frank_Carter - /gps lista
[22:57:08] [0]Frank_Carter - /gps lista
[23:05:45] [0]Frank_Carter - /vhspawn 0
[23:05:49] [0]Frank_Carter - /fly
[23:05:57] [0]Frank_Carter - /fly
[23:06:02] [0]Frank_Carter - /fly
[23:06:08] [0]Frank_Carter - /fly
[23:06:10] [0]Frank_Carter - /vhspawn 0
[23:07:33] [0]Frank_Carter - /fly
[23:07:36] [0]Frank_Carter - /fly
[23:07:45] [0]Frank_Carter - /munka
[23:07:47] [0]Frank_Carter - /munka felvesz
[23:07:53] [0]Frank_Carter - /munka felvesz
[23:07:57] [0]Frank_Carter - /munka felmod 0
[23:07:58] [0]Frank_Carter - /munka felmod 
[23:07:59] [0]Frank_Carter - /munka felmod
[23:08:00] [0]Frank_Carter - /munka felmond
[23:08:03] [0]Frank_Carter - /munka felvesz
[23:09:45] [0]Frank_Carter - /gps
[23:09:46] [0]Frank_Carter - /gps lista
[23:09:56] [0]Frank_Carter - /gps lista
[23:10:00] [0]Frank_Carter - /fly
[23:10:17] [0]Frank_Carter - /fly
[23:11:15] [0]Frank_Carter - /munka
[23:11:17] [0]Frank_Carter - /munka felvesz
[23:11:21] [0]Frank_Carter - /munka felmond
[23:11:22] [0]Frank_Carter - /munka felvesz
[23:14:21] [0]Frank_Carter - /fly
[23:14:26] [0]Frank_Carter - /fly
[23:14:30] [0]Frank_Carter - /munka
[23:14:32] [0]Frank_Carter - /munka felmond
[23:14:34] [0]Frank_Carter - /munka felvesz
[23:14:37] [0]Frank_Carter - /munka felvesz
[23:14:39] [0]Frank_Carter - /munka felmnod
[23:14:41] [0]Frank_Carter - /munka felmond
[23:14:42] [0]Frank_Carter - /munka felmnod
[23:14:44] [0]Frank_Carter - /munka felvesz
[23:24:57] [0]Frank_Carter - /fly
[23:25:00] [0]Frank_Carter - /fly
[23:25:02] [0]Frank_Carter - /vhspawn 0
[23:25:03] [0]Frank_Carter - /fly
[23:25:17] [0]Frank_Carter - /fly
[23:25:21] [0]Frank_Carter - /vesz
