[14:43:18] [0]Frank_Carter - /ahelp
[14:44:22] [0]Frank_Carter - /fk
[14:44:31] [0]Frank_Carter - /fk lista
[14:44:43] [0]Frank_Carter - /fk frakcionev
[14:44:51] [0]Frank_Carter - /fk frakcionev 0 Alma
[14:44:54] [0]Frank_Carter - /fk frakcionev 1 Alma
[14:44:58] [0]Frank_Carter - /fk lista
[14:45:16] [0]Frank_Carter - /fk rangnev
[14:45:22] [0]Frank_Carter - /fk rangnev 1 EgyesRang
[14:45:26] [0]Frank_Carter - /fk rangnev 1 Rang2t
[14:47:05] [0]Frank_Carter - /mentes
[14:47:07] [0]Frank_Carter - /ahelp
[14:47:38] [0]Frank_Carter - /adatmentes
[14:49:17] [0]Frank_Carter - /fk rangnev 1 Rang2t
[14:49:21] [0]Frank_Carter - /fk lista
[14:49:22] [0]Frank_Carter - /fk lista
[14:49:25] [0]Frank_Carter - /fk
[14:49:31] [0]Frank_Carter - /fk felvesz
[14:49:33] [0]Frank_Carter - /fk felvesz 0
[14:49:48] [0]Frank_Carter - /fk rang
[14:49:58] [0]Frank_Carter - /fk leader
[14:50:12] [0]Frank_Carter - /fk uj
[14:50:19] [0]Frank_Carter - /fk uj 3 MenoBanda
[14:50:24] [0]Frank_Carter - /fk rang
[14:50:27] [0]Frank_Carter - /fk rangnev 20
[14:50:34] [0]Frank_Carter - /fk rangnev
[14:50:37] [0]Frank_Carter - /fk rangnev 1 Asd
[14:50:41] [0]Frank_Carter - /fk rangnev 0 Asd
[14:50:44] [0]Frank_Carter - /fk lista
[14:52:31] [0]Frank_Carter - /ahelp
[14:52:33] [0]Frank_Carter - /fk
[14:52:35] [0]Frank_Carter - /fk lista
[22:11:25] [0]Frank_Carter - /ahelp
[22:12:59] [0]Frank_Carter - /ahelp
[22:13:37] [0]Frank_Carter - /fk lista
[22:13:39] [0]Frank_Carter - /fk
[22:13:41] [0]Frank_Carter - /fk lista
[22:13:43] [0]Frank_Carter - /fk rang
[22:13:45] [0]Frank_Carter - /fk tagok
[22:13:49] [0]Frank_Carter - /fk torol
[22:18:51] [0]Frank_Carter - /motor
[22:18:52] [0]Frank_Carter - /ahelp
[22:18:55] [0]Frank_Carter - /fuelcars
[22:19:13] [0]Frank_Carter - /kocsiba
[22:19:19] [0]Frank_Carter - /kocsiba 318
[22:19:21] [0]Frank_Carter - /amotor
[22:19:23] [0]Frank_Carter - /v
[22:19:26] [0]Frank_Carter - /v amotor
[22:19:29] [0]Frank_Carter - /v alefoglal
[22:19:33] [0]Frank_Carter - /fix
[22:19:39] [0]Frank_Carter - /v set
[22:19:51] [0]Frank_Carter - /ahelp
[22:19:55] [0]Frank_Carter - /tog
[22:20:25] [0]Frank_Carter - /fa
[22:20:28] [0]Frank_Carter - /fa helko
[22:20:36] [0]Frank_Carter - /b helo
[22:20:39] [0]Frank_Carter - /aduty
[22:20:50] [0]Frank_Carter - /jetpack
[22:22:53] [0]Frank_Carter - /jetpack
[22:22:55] [0]Frank_Carter - /jetpack
[22:23:21] [0]Frank_Carter - /set
[22:23:25] [0]Frank_Carter - /set skin
[22:23:27] [0]Frank_Carter - /set skin 0 12
[22:23:29] [0]Frank_Carter - /set skin 0 15
[22:23:32] [0]Frank_Carter - /jetpack
[22:23:33] [0]Frank_Carter - /jetpack
[22:23:35] [0]Frank_Carter - /jetpack
[22:23:37] [0]Frank_Carter - /veh
[22:23:46] [0]Frank_Carter - /veh glendale
[22:23:53] [0]Frank_Carter - /motor
[22:24:27] [0]Frank_Carter - /motor
[22:24:33] [0]Frank_Carter - /dfl
[22:29:37] [0]Frank_Carter - /v torol
[22:29:41] [0]Frank_Carter - /v torol
[22:29:43] [0]Frank_Carter - /veh
[22:29:46] [0]Frank_Carter - /veh turismo
[22:29:52] [0]Frank_Carter - /motor
[22:34:35] [0]Frank_Carter - /veh hydra
[22:34:39] [0]Frank_Carter - /veh cropduster
[22:34:42] [0]Frank_Carter - /veh dusteer
[22:34:43] [0]Frank_Carter - /veh duster
[22:34:47] [0]Frank_Carter - /veh buggy
[22:34:53] [0]Frank_Carter - /veh dune
[22:35:01] [0]Frank_Carter - /motor
[22:35:05] [0]Frank_Carter - /v
[22:35:08] [0]Frank_Carter - /v radio
[22:35:18] [0]Frank_Carter - /v radio
[22:35:25] [0]Frank_Carter - /v radio
[22:35:38] [0]Frank_Carter - /v radio
[22:35:41] [0]Frank_Carter - /v radio
[22:35:48] [0]Frank_Carter - /v lampa
[22:35:52] [0]Frank_Carter - /v fix
[22:38:15] [0]Frank_Carter - /gps
[23:06:59] [0]Frank_Carter - /v
[23:07:00] [0]Frank_Carter - /veh
[23:07:02] [0]Frank_Carter - /veh 411
[23:07:06] [0]Frank_Carter - /goto
[23:07:07] [0]Frank_Carter - /motor
[23:07:10] [0]Frank_Carter - /v lampa
[23:07:30] [0]Frank_Carter - /tp
[23:07:32] [0]Frank_Carter - /goto
[23:07:33] [0]Frank_Carter - /coord
[23:07:35] [0]Frank_Carter - /gotocoord
[23:27:05] [0]Frank_Carter - /alefoglal
[23:27:06] [0]Frank_Carter - /ahelp
[23:27:08] [0]Frank_Carter - /v
[23:27:10] [0]Frank_Carter - /v alefoglal
[23:27:58] [0]Frank_Carter - /sisak
[23:28:23] [0]Frank_Carter - /garazs be
[23:29:33] [0]Frank_Carter - /h
