[16:48:10] [0]Frank_Carter - /gps
[16:48:15] [0]Frank_Carter - /vhspawn
[16:48:17] [0]Frank_Carter - /vhspawn 0
[16:48:18] [0]Frank_Carter - /vhspawn 0
[16:48:21] [0]Frank_Carter - /aduty
[16:48:32] [0]Frank_Carter - /fly
[16:48:34] [0]Frank_Carter - /fly
[16:48:50] [0]Frank_Carter - /fly
[16:48:58] [0]Frank_Carter - /fly
[16:49:19] [0]Frank_Carter - /ajto
[16:49:21] [0]Frank_Carter - /ajto zar
[16:49:24] [0]Frank_Carter - /ajto zár
[16:49:29] [0]Frank_Carter - /kosár
[16:49:32] [0]Frank_Carter - /set pénz
[16:49:38] [0]Frank_Carter - /set kp 0 15000
[16:49:41] [0]Frank_Carter - /set kp 0 15000 b
[16:49:47] [0]Frank_Carter - /vásárol
[16:49:52] [0]Frank_Carter - /fizet
[16:49:53] [0]Frank_Carter - /vesz
[16:49:59] [0]Frank_Carter - /vesz
[16:50:05] [0]Frank_Carter - /fizet
[16:50:12] [0]Frank_Carter - /gps
[16:50:15] [0]Frank_Carter - /gps lista
[17:07:20] [0]Frank_Carter - /gps
[17:07:25] [0]Frank_Carter - /gps lista
