[18:59:37] [1146] Table 'serversql.ajtok' doesn't exist - [query] SELECT * FROM `ajtok`

[18:59:37] [1146] Table 'serversql.tuzek' doesn't exist - [query] SELECT * FROM `tuzek`

[19:03:47] [1146] Table 'serversql.ajtok' doesn't exist - [query] SELECT * FROM `ajtok`

[19:03:47] [1146] Table 'serversql.tuzek' doesn't exist - [query] SELECT * FROM `tuzek`

[19:04:29] [1146] Table 'serversql.ajtok' doesn't exist - [query] SELECT * FROM `ajtok`

[19:04:29] [1146] Table 'serversql.tuzek' doesn't exist - [query] SELECT * FROM `tuzek`

[19:06:10] [1146] Table 'serversql.ajtok' doesn't exist - [query] SELECT * FROM `ajtok`

[19:06:10] [1146] Table 'serversql.tuzek' doesn't exist - [query] SELECT * FROM `tuzek`

[19:11:14] [1146] Table 'serversql.ucp_kariregek' doesn't exist - [query] SELECT id FROM ucp_kariregek

[19:16:16] [1146] Table 'serversql.ucp_kariregek' doesn't exist - [query] SELECT id FROM ucp_kariregek

[19:16:56] [1146] Table 'serversql.ajtok' doesn't exist - [query] SELECT * FROM `ajtok`

[19:16:56] [1146] Table 'serversql.tuzek' doesn't exist - [query] SELECT * FROM `tuzek`

[19:22:57] [1146] Table 'serversql.ajtok' doesn't exist - [query] SELECT * FROM `ajtok`

[19:22:57] [1146] Table 'serversql.tuzek' doesn't exist - [query] SELECT * FROM `tuzek`

[19:24:53] [1146] Table 'serversql.ajtok' doesn't exist - [query] SELECT * FROM `ajtok`

[19:24:53] [1146] Table 'serversql.tuzek' doesn't exist - [query] SELECT * FROM `tuzek`

[19:29:55] [1146] Table 'serversql.ajtok' doesn't exist - [query] SELECT * FROM `ajtok`

[19:29:55] [1146] Table 'serversql.tuzek' doesn't exist - [query] SELECT * FROM `tuzek`

[19:34:58] [1146] Table 'serversql.ucp_kariregek' doesn't exist - [query] SELECT id FROM ucp_kariregek

[19:40:01] [1146] Table 'serversql.ucp_kariregek' doesn't exist - [query] SELECT id FROM ucp_kariregek

[19:45:04] [1146] Table 'serversql.ucp_kariregek' doesn't exist - [query] SELECT id FROM ucp_kariregek

[19:50:06] [1146] Table 'serversql.ucp_kariregek' doesn't exist - [query] SELECT id FROM ucp_kariregek

[19:55:08] [1146] Table 'serversql.ucp_kariregek' doesn't exist - [query] SELECT id FROM ucp_kariregek

[20:00:10] [1146] Table 'serversql.ucp_kariregek' doesn't exist - [query] SELECT id FROM ucp_kariregek

[20:05:14] [1146] Table 'serversql.ucp_kariregek' doesn't exist - [query] SELECT id FROM ucp_kariregek

[20:10:17] [1146] Table 'serversql.ucp_kariregek' doesn't exist - [query] SELECT id FROM ucp_kariregek

[22:01:41] [2006] MySQL server has gone away - [query] UPDATE `jatekosok` SET pOnline = '0'

[22:01:43] [2006] MySQL server has gone away - [query] DELETE FROM `ban` WHERE UIdo!='0' AND UIdo<='1595102499'

[22:01:45] [2006] MySQL server has gone away - [query] SELECT * FROM `kamerak`

[22:01:47] [2006] MySQL server has gone away - [query] SELECT * FROM `sprayek`

[22:01:49] [2006] MySQL server has gone away - [query] SELECT * FROM `drink`

[22:01:51] [2006] MySQL server has gone away - [query] SELECT * FROM `jarmuvek`

[22:01:53] [2006] MySQL server has gone away - [query] SELECT * FROM `hazak`

